
> @shopifree/admin@1.0.0 build
> cd ../../packages/ui && npm run build && cd ../../apps/admin && next build


> @shopifree/ui@1.0.0 build
> tsc

  ▲ Next.js 14.2.30
  - Environments: .env.local

   Creating an optimized production build ...
 ✓ Compiled successfully
   Linting and checking validity of types ...
   Collecting page data ...
   Generating static pages (0/4) ...
   Generating static pages (1/4) 
   Generating static pages (2/4) 
   Generating static pages (3/4) 
 ✓ Generating static pages (4/4)
   Finalizing page optimization ...
   Collecting build traces ...

Route (app)                              Size     First Load JS
┌ ○ /                                    138 B          87.2 kB
└ ○ /_not-found                          873 B          87.9 kB
+ First Load JS shared by all            87.1 kB
  ├ chunks/1dd3208c-82be33c4361f6614.js  53.6 kB
  ├ chunks/528-2ead4cf71800b8ab.js       31.6 kB
  └ other shared chunks (total)          1.86 kB


○  (Static)  prerendered as static content

