
> @shopifree/public-store@1.0.0 build
> next build

  ▲ Next.js 14.2.30
  - Environments: .env.local
  - Experiments (use with caution):
    · scrollRestoration

   Creating an optimized production build ...
⚠️  Usando colores hardcodeados como fallback en public-store/tailwind.config.js
 ✓ Compiled successfully
   Skipping validation of types
   Skipping linting
   Collecting page data ...
   Generating static pages (0/6) ...
   Generating static pages (1/6) 
   Generating static pages (2/6) 
   Generating static pages (4/6) 
 ✓ Generating static pages (6/6)
   Finalizing page optimization ...
   Collecting build traces ...

Route (app)                                     Size     First Load JS
┌ ƒ /                                           458 B          87.7 kB
├ ƒ /_not-found                                 150 B          87.4 kB
├ ƒ /[storeSubdomain]                           4.67 kB         226 kB
├ ƒ /[storeSubdomain]/[productSlug]             3.41 kB         222 kB
├ ƒ /[storeSubdomain]/categoria/[categorySlug]  11.5 kB         241 kB
├ ƒ /[storeSubdomain]/debug                     150 B          87.4 kB
├ ƒ /[storeSubdomain]/favoritos                 5.21 kB         235 kB
├ ƒ /[storeSubdomain]/mi-cuenta                 21.3 kB         235 kB
├ ƒ /lunara-debug                               150 B          87.4 kB
└ ƒ /test-subdomain                             150 B          87.4 kB
+ First Load JS shared by all                   87.2 kB
  ├ chunks/182-4bdb15d0683f10e8.js              84.5 kB
  └ other shared chunks (total)                 2.73 kB


ƒ Middleware                                    26.8 kB

ƒ  (Dynamic)  server-rendered on demand

